[32m2024-02-16 13:22:54 +0100[0m - dagster - [34mDEBUG[0m - __ASSET_JOB_1 - 800cde36-ff44-48f4-9ebc-94b542aacb43 - 45099 - LOGS_CAPTURED - Started capturing logs in process (pid: 45099).
[32m2024-02-16 13:22:54 +0100[0m - dagster - [34mDEBUG[0m - __ASSET_JOB_1 - 800cde36-ff44-48f4-9ebc-94b542aacb43 - 45099 - flood__transformed_discharge - STEP_START - Started execution of step "flood__transformed_discharge".
INFO:alembic.runtime.migration:Context impl SQLiteImpl.
INFO:alembic.runtime.migration:Will assume non-transactional DDL.
INFO:alembic.runtime.migration:Context impl SQLiteImpl.
INFO:alembic.runtime.migration:Will assume non-transactional DDL.
INFO:alembic.runtime.migration:Running stamp_revision  -> 46b412388816
[32m2024-02-16 13:22:54 +0100[0m - dagster - [34mDEBUG[0m - __ASSET_JOB_1 - 800cde36-ff44-48f4-9ebc-94b542aacb43 - flood__transformed_discharge - Loading file from: /home/giltinde/mnt/openepi-storage/flood/raw_discharge_seq_partitioned/384.grib using GribIOManager...
[32m2024-02-16 13:22:55 +0100[0m - dagster - [34mINFO[0m - __ASSET_JOB_1 - 800cde36-ff44-48f4-9ebc-94b542aacb43 - flood__transformed_discharge - LOADED: /home/giltinde/mnt/openepi-storage/flood/raw_discharge_seq_partitioned/384.grib
[32m2024-02-16 13:22:55 +0100[0m - dagster - [34mDEBUG[0m - __ASSET_JOB_1 - 800cde36-ff44-48f4-9ebc-94b542aacb43 - 45099 - flood__transformed_discharge - ASSET_OBSERVATION - DagsterEventType.ASSET_OBSERVATION for step flood__transformed_discharge
[32m2024-02-16 13:22:55 +0100[0m - dagster - [34mDEBUG[0m - __ASSET_JOB_1 - 800cde36-ff44-48f4-9ebc-94b542aacb43 - 45099 - flood__transformed_discharge - LOADED_INPUT - Loaded input "raw_discharge_seq_partitioned" using input manager "grib_io_manager", from output "result" of step "flood__raw_discharge_seq_partitioned"
[32m2024-02-16 13:22:55 +0100[0m - dagster - [34mDEBUG[0m - __ASSET_JOB_1 - 800cde36-ff44-48f4-9ebc-94b542aacb43 - flood__transformed_discharge - Loading file from: /home/giltinde/mnt/openepi-storage/flood/uparea_glofas_v4_0.nc using NetdCDFIOManager...
[32m2024-02-16 13:22:55 +0100[0m - dagster - [34mDEBUG[0m - __ASSET_JOB_1 - 800cde36-ff44-48f4-9ebc-94b542aacb43 - 45099 - flood__transformed_discharge - ASSET_OBSERVATION - DagsterEventType.ASSET_OBSERVATION for step flood__transformed_discharge
[32m2024-02-16 13:22:55 +0100[0m - dagster - [34mDEBUG[0m - __ASSET_JOB_1 - 800cde36-ff44-48f4-9ebc-94b542aacb43 - 45099 - flood__transformed_discharge - LOADED_INPUT - Loaded input "uparea_glofas_v4_0" using input manager "netcdf_io_manager"
[32m2024-02-16 13:22:55 +0100[0m - dagster - [34mDEBUG[0m - __ASSET_JOB_1 - 800cde36-ff44-48f4-9ebc-94b542aacb43 - 45099 - flood__transformed_discharge - STEP_INPUT - Got input "raw_discharge_seq_partitioned" of type "Dataset". (Type check passed).
[32m2024-02-16 13:22:55 +0100[0m - dagster - [34mDEBUG[0m - __ASSET_JOB_1 - 800cde36-ff44-48f4-9ebc-94b542aacb43 - 45099 - flood__transformed_discharge - STEP_INPUT - Got input "uparea_glofas_v4_0" of type "Dataset". (Type check passed).
INFO:root:Converted xarray dataset to pandas dataframe successfully!
[32m2024-02-16 13:22:55 +0100[0m - dagster - [34mDEBUG[0m - __ASSET_JOB_1 - 800cde36-ff44-48f4-9ebc-94b542aacb43 - 45099 - flood__transformed_discharge - STEP_OUTPUT - Yielded output "result" of type "DataFrame". (Type check passed).
[32m2024-02-16 13:22:55 +0100[0m - dagster - [34mDEBUG[0m - __ASSET_JOB_1 - 800cde36-ff44-48f4-9ebc-94b542aacb43 - flood__transformed_discharge - Writing file at: /home/giltinde/mnt/openepi-storage/flood/transformed_discharge/384.parquet using ParquetIOManagerNew...
[32m2024-02-16 13:22:55 +0100[0m - dagster - [34mDEBUG[0m - __ASSET_JOB_1 - 800cde36-ff44-48f4-9ebc-94b542aacb43 - 45099 - flood__transformed_discharge - ASSET_MATERIALIZATION - Materialized value flood transformed_discharge.
[32m2024-02-16 13:22:55 +0100[0m - dagster - [34mDEBUG[0m - __ASSET_JOB_1 - 800cde36-ff44-48f4-9ebc-94b542aacb43 - 45099 - flood__transformed_discharge - HANDLED_OUTPUT - Handled output "result" using IO manager "multi_partition_parquet_io_manager"
[32m2024-02-16 13:22:55 +0100[0m - dagster - [34mDEBUG[0m - __ASSET_JOB_1 - 800cde36-ff44-48f4-9ebc-94b542aacb43 - 45099 - flood__transformed_discharge - STEP_SUCCESS - Finished execution of step "flood__transformed_discharge" in 251ms.
