[32m2024-02-12 12:04:25 +0100[0m - dagster - [34mDEBUG[0m - __ASSET_JOB_0 - dce02365-4540-4176-861b-99a66d29d585 - 1096888 - LOGS_CAPTURED - Started capturing logs in process (pid: 1096888).
[32m2024-02-12 12:04:25 +0100[0m - dagster - [34mDEBUG[0m - __ASSET_JOB_0 - dce02365-4540-4176-861b-99a66d29d585 - 1096888 - flood__forecast - STEP_START - Started execution of step "flood__forecast".
INFO:alembic.runtime.migration:Context impl SQLiteImpl.
INFO:alembic.runtime.migration:Will assume non-transactional DDL.
INFO:alembic.runtime.migration:Context impl SQLiteImpl.
INFO:alembic.runtime.migration:Will assume non-transactional DDL.
INFO:alembic.runtime.migration:Running stamp_revision  -> 46b412388816
[32m2024-02-12 12:04:25 +0100[0m - dagster - [34mINFO[0m - __ASSET_JOB_0 - dce02365-4540-4176-861b-99a66d29d585 - flood__forecast - Joined dataframe:    latitude  longitude  number       time   step valid_time     dis24
0    -2.025     33.575       0 2024-02-12 1 days 2024-02-13  2.203125
1    -2.025     33.575       1 2024-02-12 1 days 2024-02-13  2.156250
2    -2.025     33.575       2 2024-02-12 1 days 2024-02-13  2.171875
3    -2.025     33.575       3 2024-02-12 1 days 2024-02-13  2.171875
4    -2.025     33.575       4 2024-02-12 1 days 2024-02-13  2.156250
[32m2024-02-12 12:04:25 +0100[0m - dagster - [34mINFO[0m - __ASSET_JOB_0 - dce02365-4540-4176-861b-99a66d29d585 - flood__forecast - Joined dataframe: latitude              float64
longitude             float64
number                  int64
time           datetime64[ns]
step          timedelta64[ns]
valid_time     datetime64[ns]
dis24                 float32
dtype: object
[32m2024-02-12 12:04:26 +0100[0m - dagster - [34mINFO[0m - __ASSET_JOB_0 - dce02365-4540-4176-861b-99a66d29d585 - flood__forecast - Joined dataframe:    latitude  longitude  number  step     dis24   issued_on   valid_for
0    -2.025     33.575       0     1  2.203125  2024-02-12  2024-02-12
1    -2.025     33.575       1     1  2.156250  2024-02-12  2024-02-12
2    -2.025     33.575       2     1  2.171875  2024-02-12  2024-02-12
3    -2.025     33.575       3     1  2.171875  2024-02-12  2024-02-12
4    -2.025     33.575       4     1  2.156250  2024-02-12  2024-02-12
[32m2024-02-12 12:04:26 +0100[0m - dagster - [34mINFO[0m - __ASSET_JOB_0 - dce02365-4540-4176-861b-99a66d29d585 - flood__forecast - Joined dataframe: latitude             float64
longitude            float64
number                 int64
step                   int64
dis24                float32
issued_on    string[pyarrow]
valid_for    string[pyarrow]
dtype: object
[32m2024-02-12 12:04:34 +0100[0m - dagster - [34mINFO[0m - __ASSET_JOB_0 - dce02365-4540-4176-861b-99a66d29d585 - flood__forecast - Contents of /home/giltinde/tmp/openepi-storage/glofas/processed/newest:
[32m2024-02-12 12:04:34 +0100[0m - dagster - [34mINFO[0m - __ASSET_JOB_0 - dce02365-4540-4176-861b-99a66d29d585 - flood__forecast - ['processed_detailed_forecast.parquet', 'processed_summary_forecast.parquet', 'test.py']
[32m2024-02-12 12:04:34 +0100[0m - dagster - [34mDEBUG[0m - __ASSET_JOB_0 - dce02365-4540-4176-861b-99a66d29d585 - 1096888 - flood__forecast - STEP_OUTPUT - Yielded output "result" of type "Any". (Type check passed).
[32m2024-02-12 12:04:34 +0100[0m - dagster - [34mDEBUG[0m - __ASSET_JOB_0 - dce02365-4540-4176-861b-99a66d29d585 - flood__forecast - Writing file at: /home/giltinde/knowit/projects/openepi/data-pipelines/tmp548qc7_j/storage/flood/forecast using PickledObjectFilesystemIOManager...
[32m2024-02-12 12:04:34 +0100[0m - dagster - [34mDEBUG[0m - __ASSET_JOB_0 - dce02365-4540-4176-861b-99a66d29d585 - 1096888 - flood__forecast - ASSET_MATERIALIZATION - Materialized value flood forecast.
[32m2024-02-12 12:04:34 +0100[0m - dagster - [34mDEBUG[0m - __ASSET_JOB_0 - dce02365-4540-4176-861b-99a66d29d585 - 1096888 - flood__forecast - HANDLED_OUTPUT - Handled output "result" using IO manager "io_manager"
[32m2024-02-12 12:04:34 +0100[0m - dagster - [34mDEBUG[0m - __ASSET_JOB_0 - dce02365-4540-4176-861b-99a66d29d585 - 1096888 - flood__forecast - STEP_SUCCESS - Finished execution of step "flood__forecast" in 9.02s.
